{
  "stats": {
    "suites": 3,
    "tests": 14,
    "passes": 14,
    "pending": 0,
    "failures": 0,
    "start": "2025-11-11T16:17:37.956Z",
    "end": "2025-11-11T16:17:40.521Z",
    "duration": 2565,
    "testsRegistered": 15,
    "passPercent": 93.33333333333333,
    "pendingPercent": 0,
    "other": 0,
    "hasOther": false,
    "skipped": 1,
    "hasSkipped": true
  },
  "results": [
    {
      "uuid": "10287fc6-7f9f-4223-bf85-d59fff936915",
      "title": "",
      "fullFile": "",
      "file": "",
      "beforeHooks": [
        {
          "title": "\"before all\" hook in \"{root}\"",
          "fullTitle": "\"before all\" hook in \"{root}\"",
          "timedOut": false,
          "duration": 1,
          "state": null,
          "speed": null,
          "pass": false,
          "fail": false,
          "pending": false,
          "context": null,
          "code": "await generateTestData()\ncreateUser()\nlogIn()",
          "err": {},
          "uuid": "e6561c93-0d2d-43df-8b28-433c61f44d7b",
          "parentUUID": "10287fc6-7f9f-4223-bf85-d59fff936915",
          "isHook": true,
          "skipped": false
        }
      ],
      "afterHooks": [
        {
          "title": "\"after all\" hook in \"{root}\"",
          "fullTitle": "\"after all\" hook in \"{root}\"",
          "timedOut": false,
          "duration": 0,
          "state": null,
          "speed": null,
          "pass": false,
          "fail": false,
          "pending": false,
          "context": null,
          "code": "deleteUser()",
          "err": {},
          "uuid": "3c418820-17f8-4725-8e39-a1b0dcebbee1",
          "parentUUID": "10287fc6-7f9f-4223-bf85-d59fff936915",
          "isHook": true,
          "skipped": false
        }
      ],
      "tests": [
        {
          "title": "Restaurant tests",
          "fullTitle": "Restaurant tests",
          "timedOut": false,
          "duration": 1,
          "state": "passed",
          "speed": "fast",
          "pass": true,
          "fail": false,
          "pending": false,
          "context": null,
          "code": "describe(`CRUD restaurant`, () => {\n    createRestaurant()\n    updateRestaurant()\n    getRestaurant()\n    deleteRestaurant()\n    getDeletedRestaurant()\n})\n describe(`Negative - Deleting an already deleted restaurant`, () => {\n    createRestaurant()\n    deleteRestaurant()\n    deleteRestaurantTwice()\n})\n describe(`Get All Restaurants`, () => {\n    createRestaurant()\n    createRestaurant()\n    getRestaurants()\n})",
          "err": {},
          "uuid": "ef8543fa-2410-4d2d-a54f-00492920b301",
          "parentUUID": "10287fc6-7f9f-4223-bf85-d59fff936915",
          "isHook": false,
          "skipped": false
        },
        {
          "title": "Create user account",
          "fullTitle": "Create user account",
          "timedOut": false,
          "duration": 424,
          "state": "passed",
          "speed": "slow",
          "pass": true,
          "fail": false,
          "pending": false,
          "context": "[\n  \"POST /user\",\n  {\n    \"title\": \"REQUEST HEADERS\",\n    \"value\": {\n      \"Content-Type\": \"application/json\",\n      \"Accept\": \"application/json\",\n      \"x-api-key\": \"759f583a-0cc8-4095-a0e5-7e579bb8041c\"\n    }\n  },\n  {\n    \"title\": \"REQUEST BODY\",\n    \"value\": {\n      \"email\": \"Trisha.Denesik34@apimail.tdlbox.com\",\n      \"name\": \"Mairis\",\n      \"surname\": \"TestLastName\",\n      \"password\": \"Jtb7Qtbo23Zu1ao\"\n    }\n  },\n  {\n    \"title\": \"RESPONSE HEADERS\",\n    \"value\": {\n      \"server\": \"nginx/1.29.1\",\n      \"date\": \"Tue, 11 Nov 2025 16:17:38 GMT\",\n      \"content-type\": \"application/json; charset=utf-8\",\n      \"content-length\": \"88\",\n      \"connection\": \"close\",\n      \"x-powered-by\": \"Express\",\n      \"etag\": \"W/\\\"58-1pa/VBOIjBazLPc48NLbotXoDyc\\\"\",\n      \"x-frame-options\": \"SAMEORIGIN\",\n      \"x-content-type-options\": \"nosniff\"\n    }\n  },\n  {\n    \"title\": \"RESPONSE BODY\",\n    \"value\": {\n      \"email\": \"Trisha.Denesik34@apimail.tdlbox.com\",\n      \"name\": \"Mairis\",\n      \"surname\": \"TestLastName\"\n    }\n  }\n]",
          "code": "const requestBody = await getCreateUserRequestBody()\nawait request(this, 'POST', '/user', requestBody, false, \n    {\n        statusCode : 201,\n        expectedValues: [\n                            {path: 'email', value: requestBody.email},\n                            {path: 'name', value: requestBody.name},\n                            {path: 'surname', value: requestBody.surname}\n                        ],\n        executionVariables: [\n                                {path: 'email', name: 'userEmail'}, \n                            ]\n    }\n)",
          "err": {},
          "uuid": "2be82650-146f-471b-85d2-155092ab32b8",
          "parentUUID": "10287fc6-7f9f-4223-bf85-d59fff936915",
          "isHook": false,
          "skipped": false
        },
        {
          "title": "The user Logs In",
          "fullTitle": "The user Logs In",
          "timedOut": false,
          "duration": 305,
          "state": "passed",
          "speed": "slow",
          "pass": true,
          "fail": false,
          "pending": false,
          "context": "[\n  \"POST /login\",\n  {\n    \"title\": \"REQUEST HEADERS\",\n    \"value\": {\n      \"Content-Type\": \"application/json\",\n      \"Accept\": \"application/json\",\n      \"x-api-key\": \"759f583a-0cc8-4095-a0e5-7e579bb8041c\"\n    }\n  },\n  {\n    \"title\": \"REQUEST BODY\",\n    \"value\": {\n      \"email\": \"Trisha.Denesik34@apimail.tdlbox.com\",\n      \"password\": \"Jtb7Qtbo23Zu1ao\"\n    }\n  },\n  {\n    \"title\": \"RESPONSE HEADERS\",\n    \"value\": {\n      \"server\": \"nginx/1.29.1\",\n      \"date\": \"Tue, 11 Nov 2025 16:17:38 GMT\",\n      \"content-type\": \"application/json; charset=utf-8\",\n      \"content-length\": \"212\",\n      \"connection\": \"close\",\n      \"x-powered-by\": \"Express\",\n      \"etag\": \"W/\\\"d4-tFCzb3pMJWjErJQKTpn3OESt/Nw\\\"\",\n      \"set-cookie\": [\n        \"connect.sid=s%3Ab8TKPyn-bc8ah6gxckRGW_csK4h0j5b2.UChSdTngZxG98HS4b%2FaXKo8UDlSMKRLjlBqfwFdVipA; Path=/; HttpOnly\"\n      ],\n      \"x-frame-options\": \"SAMEORIGIN\",\n      \"x-content-type-options\": \"nosniff\"\n    }\n  },\n  {\n    \"title\": \"RESPONSE BODY\",\n    \"value\": {\n      \"message\": \"Login successful\",\n      \"token\": \"eyJhbGciOiJIUzI1NiIsInR5cCI6IkpXVCJ9.eyJpZCI6IjY5MTM2MWEyODg5MjVmYmY2ZWU3YWI5MSIsImlhdCI6MTc2Mjg3Nzg1OCwiZXhwIjoxNzYyODgxNDU4fQ.rvKN3TkjmQOJajVeYfuqcJ5YY4ncW-K8DghrF-raatE\"\n    }\n  }\n]",
          "code": "const requestBody = {\n    email: global.executionVariables.userEmail,\n    password: global.executionVariables.userPassword\n}\nawait request(this, 'POST', '/login', requestBody, false, \n    {\n        statusCode : 200,\n        expectedValues: [\n                            {path: 'message', value: \"Login successful\"}\n                        ],\n        expectedFields: ['token'],\n        executionVariables: [\n                                {path: 'token', name: 'userToken'}, \n                            ]\n    }\n)",
          "err": {},
          "uuid": "863dec68-db54-4c21-b994-5ff1a0b23946",
          "parentUUID": "10287fc6-7f9f-4223-bf85-d59fff936915",
          "isHook": false,
          "skipped": false
        },
        {
          "title": "Remove user account",
          "fullTitle": "Remove user account",
          "timedOut": false,
          "duration": 0,
          "state": null,
          "speed": null,
          "pass": false,
          "fail": false,
          "pending": false,
          "context": null,
          "code": "await request(this, 'DELETE', `/user`, undefined, true, \n    {\n        statusCode : 200,\n        expectedValues: [\n                            {path: 'message', value: \"User and all associated restaurants and meals have been deleted.\"}\n                        ]\n    }\n)",
          "err": {},
          "uuid": "a8f759fb-02d0-4c1e-987a-893b217f91b9",
          "parentUUID": "10287fc6-7f9f-4223-bf85-d59fff936915",
          "isHook": false,
          "skipped": true
        }
      ],
      "suites": [
        {
          "uuid": "10949cbd-65fe-4ac0-8b65-ac9682c95986",
          "title": "CRUD restaurant",
          "fullFile": "/Users/mairisnikiforovs/Documents/TDLSCHOOL/INTERMEDIATE/REST_API_INTERMEDIATE_BASE-main/tests/scenarios/restaurant/restaurant.js",
          "file": "/tests/scenarios/restaurant/restaurant.js",
          "beforeHooks": [],
          "afterHooks": [],
          "tests": [
            {
              "title": "Create a new restaurant",
              "fullTitle": "CRUD restaurant Create a new restaurant",
              "timedOut": false,
              "duration": 174,
              "state": "passed",
              "speed": "slow",
              "pass": true,
              "fail": false,
              "pending": false,
              "context": "[\n  \"POST /restaurants\",\n  {\n    \"title\": \"REQUEST HEADERS\",\n    \"value\": {\n      \"Content-Type\": \"application/json\",\n      \"Accept\": \"application/json\",\n      \"x-api-key\": \"759f583a-0cc8-4095-a0e5-7e579bb8041c\",\n      \"Authorization\": \"Bearer eyJhbGciOiJIUzI1NiIsInR5cCI6IkpXVCJ9.eyJpZCI6IjY5MTM2MWEyODg5MjVmYmY2ZWU3YWI5MSIsImlhdCI6MTc2Mjg3Nzg1OCwiZXhwIjoxNzYyODgxNDU4fQ.rvKN3TkjmQOJajVeYfuqcJ5YY4ncW-K8DghrF-raatE\"\n    }\n  },\n  {\n    \"title\": \"REQUEST BODY\",\n    \"value\": {\n      \"name\": \"zesty hokkien noodles 1762877860211\",\n      \"description\": \"Fresh lime leaves with a pinch of garlic, topped by a caramelized cherry with whipped cream\"\n    }\n  },\n  {\n    \"title\": \"RESPONSE HEADERS\",\n    \"value\": {\n      \"server\": \"nginx/1.29.1\",\n      \"date\": \"Tue, 11 Nov 2025 16:17:38 GMT\",\n      \"content-type\": \"application/json; charset=utf-8\",\n      \"content-length\": \"288\",\n      \"connection\": \"close\",\n      \"x-powered-by\": \"Express\",\n      \"etag\": \"W/\\\"120-yZ4x8OsAwp4bRLUouxIU4sYdIFM\\\"\",\n      \"x-frame-options\": \"SAMEORIGIN\",\n      \"x-content-type-options\": \"nosniff\"\n    }\n  },\n  {\n    \"title\": \"RESPONSE BODY\",\n    \"value\": {\n      \"name\": \"crispy flounder 1762877858694\",\n      \"description\": \"A special yellow redfish from Guadeloupe. To support the strong flavor it is sided with a tablespoon of bbq.\",\n      \"user\": \"691361a288925fbf6ee7ab91\",\n      \"meals\": [],\n      \"_id\": \"691361a288925fbf6ee7ab94\",\n      \"created\": \"2025-11-11T16:17:38.993Z\",\n      \"__v\": 0\n    }\n  }\n]",
              "code": "const requestBody = await getCreateRestaurantRequestBody()\n    \nawait request(this, 'POST', '/restaurants', requestBody, true, \n    {\n        statusCode : 201,\n        expectedFields: ['user', 'meals', '_id', 'created'],\n        expectedValues: [\n                            {path: 'name', value: requestBody.name},\n                            {path: 'description', value: requestBody.description}\n                        ],\n        executionVariables: [\n                            {path: '_id', name: 'restaurantId'},\n                            {path: 'name', name: 'restaurantName'},\n                            {path: 'description', name: 'restaurantDescription'},\n                            {path: 'user', name: 'userId'}\n                        ],\n        expectedType:   [\n                            {path: 'user', type: 'string'},\n                            {path: 'meals', type: 'array'}\n                        ]\n})",
              "err": {},
              "uuid": "02ed2551-11a1-49bf-b06e-e1e7793571b5",
              "parentUUID": "10949cbd-65fe-4ac0-8b65-ac9682c95986",
              "isHook": false,
              "skipped": false
            },
            {
              "title": "Update a restaurant",
              "fullTitle": "CRUD restaurant Update a restaurant",
              "timedOut": false,
              "duration": 158,
              "state": "passed",
              "speed": "slow",
              "pass": true,
              "fail": false,
              "pending": false,
              "context": "[\n  \"PATCH /restaurants/691361a288925fbf6ee7ab94\",\n  {\n    \"title\": \"REQUEST HEADERS\",\n    \"value\": {\n      \"Content-Type\": \"application/json\",\n      \"Accept\": \"application/json\",\n      \"x-api-key\": \"759f583a-0cc8-4095-a0e5-7e579bb8041c\",\n      \"Authorization\": \"Bearer eyJhbGciOiJIUzI1NiIsInR5cCI6IkpXVCJ9.eyJpZCI6IjY5MTM2MWEyODg5MjVmYmY2ZWU3YWI5MSIsImlhdCI6MTc2Mjg3Nzg1OCwiZXhwIjoxNzYyODgxNDU4fQ.rvKN3TkjmQOJajVeYfuqcJ5YY4ncW-K8DghrF-raatE\"\n    }\n  },\n  {\n    \"title\": \"REQUEST BODY\",\n    \"value\": {\n      \"name\": \"zesty hokkien noodles 1762877860211\",\n      \"description\": \"Fresh lime leaves with a pinch of garlic, topped by a caramelized cherry with whipped cream\"\n    }\n  },\n  {\n    \"title\": \"RESPONSE HEADERS\",\n    \"value\": {\n      \"server\": \"nginx/1.29.1\",\n      \"date\": \"Tue, 11 Nov 2025 16:17:39 GMT\",\n      \"content-type\": \"application/json; charset=utf-8\",\n      \"content-length\": \"327\",\n      \"connection\": \"close\",\n      \"x-powered-by\": \"Express\",\n      \"etag\": \"W/\\\"147-vIrDh6QxrBk5ZPgBF6MoqoVpWnY\\\"\",\n      \"x-frame-options\": \"SAMEORIGIN\",\n      \"x-content-type-options\": \"nosniff\"\n    }\n  },\n  {\n    \"title\": \"RESPONSE BODY\",\n    \"value\": {\n      \"_id\": \"691361a288925fbf6ee7ab94\",\n      \"name\": \"juicy sun-dried tomatoes 1762877858869\",\n      \"description\": \"A delightful tart combining savory broccolini and sweet mandarin, set in a buttery pastry shell and finished with a hint of chilli pepper.\",\n      \"user\": \"691361a288925fbf6ee7ab91\",\n      \"meals\": [],\n      \"created\": \"2025-11-11T16:17:38.993Z\",\n      \"__v\": 0\n    }\n  }\n]",
              "code": "const requestBody = await getCreateRestaurantRequestBody()\nawait request(this, 'PATCH', `/restaurants/${global.executionVariables.restaurantId}`, requestBody, true, \n    {\n        statusCode : 200,\n        expectedFields: ['meals', 'created'],\n        expectedValues: [\n                            {path: 'name', value: requestBody.name},\n                            {path: 'description', value: requestBody.description},\n                            {path: '_id', value: global.executionVariables.restaurantId},\n                            {path: 'user', value: global.executionVariables.userId}\n                        ],\n        executionVariables: [\n                            {path: 'name', name: 'restaurantName'},\n                            {path: 'description', name: 'restaurantDescription'}\n                        ]\n}\n)",
              "err": {},
              "uuid": "dc685d88-15f1-4c70-82aa-75de667c9438",
              "parentUUID": "10949cbd-65fe-4ac0-8b65-ac9682c95986",
              "isHook": false,
              "skipped": false
            },
            {
              "title": "Get a restaurant",
              "fullTitle": "CRUD restaurant Get a restaurant",
              "timedOut": false,
              "duration": 165,
              "state": "passed",
              "speed": "slow",
              "pass": true,
              "fail": false,
              "pending": false,
              "context": "[\n  \"GET /restaurants/691361a288925fbf6ee7ab94\",\n  {\n    \"title\": \"REQUEST HEADERS\",\n    \"value\": {\n      \"Content-Type\": \"application/json\",\n      \"Accept\": \"application/json\",\n      \"x-api-key\": \"759f583a-0cc8-4095-a0e5-7e579bb8041c\",\n      \"Authorization\": \"Bearer eyJhbGciOiJIUzI1NiIsInR5cCI6IkpXVCJ9.eyJpZCI6IjY5MTM2MWEyODg5MjVmYmY2ZWU3YWI5MSIsImlhdCI6MTc2Mjg3Nzg1OCwiZXhwIjoxNzYyODgxNDU4fQ.rvKN3TkjmQOJajVeYfuqcJ5YY4ncW-K8DghrF-raatE\"\n    }\n  },\n  {\n    \"title\": \"RESPONSE HEADERS\",\n    \"value\": {\n      \"server\": \"nginx/1.29.1\",\n      \"date\": \"Tue, 11 Nov 2025 16:17:39 GMT\",\n      \"content-type\": \"application/json; charset=utf-8\",\n      \"content-length\": \"327\",\n      \"connection\": \"close\",\n      \"x-powered-by\": \"Express\",\n      \"etag\": \"W/\\\"147-vIrDh6QxrBk5ZPgBF6MoqoVpWnY\\\"\",\n      \"x-frame-options\": \"SAMEORIGIN\",\n      \"x-content-type-options\": \"nosniff\"\n    }\n  },\n  {\n    \"title\": \"RESPONSE BODY\",\n    \"value\": {\n      \"_id\": \"691361a288925fbf6ee7ab94\",\n      \"name\": \"juicy sun-dried tomatoes 1762877858869\",\n      \"description\": \"A delightful tart combining savory broccolini and sweet mandarin, set in a buttery pastry shell and finished with a hint of chilli pepper.\",\n      \"user\": \"691361a288925fbf6ee7ab91\",\n      \"meals\": [],\n      \"created\": \"2025-11-11T16:17:38.993Z\",\n      \"__v\": 0\n    }\n  }\n]",
              "code": "await request(this, 'GET', `/restaurants/${global.executionVariables.restaurantId}`, undefined, true, \n    {\n        statusCode : 200,\n        expectedValues: [\n                            {path: 'name', value: global.executionVariables.restaurantName},\n                            {path: 'description', value: global.executionVariables.restaurantDescription},\n                            {path: '_id', value: global.executionVariables.restaurantId},\n                            {path: 'user', value: global.executionVariables.userId} \n                        ]\n})",
              "err": {},
              "uuid": "724c1b40-714e-4e6c-ba06-0b0c57354642",
              "parentUUID": "10949cbd-65fe-4ac0-8b65-ac9682c95986",
              "isHook": false,
              "skipped": false
            },
            {
              "title": "Delete a restaurant",
              "fullTitle": "CRUD restaurant Delete a restaurant",
              "timedOut": false,
              "duration": 172,
              "state": "passed",
              "speed": "slow",
              "pass": true,
              "fail": false,
              "pending": false,
              "context": "[\n  \"DELETE /restaurants/691361a288925fbf6ee7ab94\",\n  {\n    \"title\": \"REQUEST HEADERS\",\n    \"value\": {\n      \"Content-Type\": \"application/json\",\n      \"Accept\": \"application/json\",\n      \"x-api-key\": \"759f583a-0cc8-4095-a0e5-7e579bb8041c\",\n      \"Authorization\": \"Bearer eyJhbGciOiJIUzI1NiIsInR5cCI6IkpXVCJ9.eyJpZCI6IjY5MTM2MWEyODg5MjVmYmY2ZWU3YWI5MSIsImlhdCI6MTc2Mjg3Nzg1OCwiZXhwIjoxNzYyODgxNDU4fQ.rvKN3TkjmQOJajVeYfuqcJ5YY4ncW-K8DghrF-raatE\"\n    }\n  },\n  {\n    \"title\": \"RESPONSE HEADERS\",\n    \"value\": {\n      \"server\": \"nginx/1.29.1\",\n      \"date\": \"Tue, 11 Nov 2025 16:17:39 GMT\",\n      \"content-type\": \"application/json; charset=utf-8\",\n      \"content-length\": \"32\",\n      \"connection\": \"close\",\n      \"x-powered-by\": \"Express\",\n      \"etag\": \"W/\\\"20-Zn9EHkyUFgrGQsxNwuTqAb19HtY\\\"\",\n      \"x-frame-options\": \"SAMEORIGIN\",\n      \"x-content-type-options\": \"nosniff\"\n    }\n  },\n  {\n    \"title\": \"RESPONSE BODY\",\n    \"value\": {\n      \"message\": \"Restaurant removed\"\n    }\n  }\n]",
              "code": "await request(this, 'DELETE', `/restaurants/${global.executionVariables.restaurantId}`, undefined, true, \n    {\n        statusCode : 200,\n        expectedValues: [\n                            {path: 'message', value: \"Restaurant removed\"}   \n                        ]\n})",
              "err": {},
              "uuid": "d72a57ca-c496-49b1-aae0-6824b613a545",
              "parentUUID": "10949cbd-65fe-4ac0-8b65-ac9682c95986",
              "isHook": false,
              "skipped": false
            },
            {
              "title": "Get a deleted restaurant",
              "fullTitle": "CRUD restaurant Get a deleted restaurant",
              "timedOut": false,
              "duration": 152,
              "state": "passed",
              "speed": "slow",
              "pass": true,
              "fail": false,
              "pending": false,
              "context": "[\n  \"GET /restaurants/691361a288925fbf6ee7ab94\",\n  {\n    \"title\": \"REQUEST HEADERS\",\n    \"value\": {\n      \"Content-Type\": \"application/json\",\n      \"Accept\": \"application/json\",\n      \"x-api-key\": \"759f583a-0cc8-4095-a0e5-7e579bb8041c\",\n      \"Authorization\": \"Bearer eyJhbGciOiJIUzI1NiIsInR5cCI6IkpXVCJ9.eyJpZCI6IjY5MTM2MWEyODg5MjVmYmY2ZWU3YWI5MSIsImlhdCI6MTc2Mjg3Nzg1OCwiZXhwIjoxNzYyODgxNDU4fQ.rvKN3TkjmQOJajVeYfuqcJ5YY4ncW-K8DghrF-raatE\"\n    }\n  },\n  {\n    \"title\": \"RESPONSE HEADERS\",\n    \"value\": {\n      \"server\": \"nginx/1.29.1\",\n      \"date\": \"Tue, 11 Nov 2025 16:17:39 GMT\",\n      \"content-type\": \"application/json; charset=utf-8\",\n      \"content-length\": \"36\",\n      \"connection\": \"close\",\n      \"x-powered-by\": \"Express\",\n      \"etag\": \"W/\\\"24-LrAoc+11uYUDvg1e7vUr6qFE1FU\\\"\",\n      \"x-frame-options\": \"SAMEORIGIN\",\n      \"x-content-type-options\": \"nosniff\"\n    }\n  },\n  {\n    \"title\": \"RESPONSE BODY\",\n    \"value\": {\n      \"message\": \"Cannot find restaurant\"\n    }\n  }\n]",
              "code": "await request(this, 'GET', `/restaurants/${global.executionVariables.restaurantId}`, undefined, true, \n    {\n        statusCode : 404,\n        expectedValues: [\n                            {path: 'message', value: 'Cannot find restaurant'}\n                        ]\n})",
              "err": {},
              "uuid": "a2b2a164-734e-4304-813c-a71ee0ed93a5",
              "parentUUID": "10949cbd-65fe-4ac0-8b65-ac9682c95986",
              "isHook": false,
              "skipped": false
            }
          ],
          "suites": [],
          "passes": [
            "02ed2551-11a1-49bf-b06e-e1e7793571b5",
            "dc685d88-15f1-4c70-82aa-75de667c9438",
            "724c1b40-714e-4e6c-ba06-0b0c57354642",
            "d72a57ca-c496-49b1-aae0-6824b613a545",
            "a2b2a164-734e-4304-813c-a71ee0ed93a5"
          ],
          "failures": [],
          "pending": [],
          "skipped": [],
          "duration": 821,
          "root": false,
          "rootEmpty": false,
          "_timeout": 20000
        },
        {
          "uuid": "0c1833eb-cfef-454b-8306-f4206f62a326",
          "title": "Negative - Deleting an already deleted restaurant",
          "fullFile": "/Users/mairisnikiforovs/Documents/TDLSCHOOL/INTERMEDIATE/REST_API_INTERMEDIATE_BASE-main/tests/scenarios/restaurant/restaurant.js",
          "file": "/tests/scenarios/restaurant/restaurant.js",
          "beforeHooks": [],
          "afterHooks": [],
          "tests": [
            {
              "title": "Create a new restaurant",
              "fullTitle": "Negative - Deleting an already deleted restaurant Create a new restaurant",
              "timedOut": false,
              "duration": 186,
              "state": "passed",
              "speed": "slow",
              "pass": true,
              "fail": false,
              "pending": false,
              "context": "[\n  \"POST /restaurants\",\n  {\n    \"title\": \"REQUEST HEADERS\",\n    \"value\": {\n      \"Content-Type\": \"application/json\",\n      \"Accept\": \"application/json\",\n      \"x-api-key\": \"759f583a-0cc8-4095-a0e5-7e579bb8041c\",\n      \"Authorization\": \"Bearer eyJhbGciOiJIUzI1NiIsInR5cCI6IkpXVCJ9.eyJpZCI6IjY5MTM2MWEyODg5MjVmYmY2ZWU3YWI5MSIsImlhdCI6MTc2Mjg3Nzg1OCwiZXhwIjoxNzYyODgxNDU4fQ.rvKN3TkjmQOJajVeYfuqcJ5YY4ncW-K8DghrF-raatE\"\n    }\n  },\n  {\n    \"title\": \"REQUEST BODY\",\n    \"value\": {\n      \"name\": \"zesty hokkien noodles 1762877860211\",\n      \"description\": \"Fresh lime leaves with a pinch of garlic, topped by a caramelized cherry with whipped cream\"\n    }\n  },\n  {\n    \"title\": \"RESPONSE HEADERS\",\n    \"value\": {\n      \"server\": \"nginx/1.29.1\",\n      \"date\": \"Tue, 11 Nov 2025 16:17:39 GMT\",\n      \"content-type\": \"application/json; charset=utf-8\",\n      \"content-length\": \"298\",\n      \"connection\": \"close\",\n      \"x-powered-by\": \"Express\",\n      \"etag\": \"W/\\\"12a-y2Af6rUqL4Y2XZHp9/9mK6LG18c\\\"\",\n      \"x-frame-options\": \"SAMEORIGIN\",\n      \"x-content-type-options\": \"nosniff\"\n    }\n  },\n  {\n    \"title\": \"RESPONSE BODY\",\n    \"value\": {\n      \"name\": \"moist pandanus leaves 1762877859524\",\n      \"description\": \"Our salty pigeon, slow-cooked to perfection, accompanied by steamed sun dried tomatoes and a rich, savory gravy.\",\n      \"user\": \"691361a288925fbf6ee7ab91\",\n      \"meals\": [],\n      \"_id\": \"691361a388925fbf6ee7ab9c\",\n      \"created\": \"2025-11-11T16:17:39.834Z\",\n      \"__v\": 0\n    }\n  }\n]",
              "code": "const requestBody = await getCreateRestaurantRequestBody()\n    \nawait request(this, 'POST', '/restaurants', requestBody, true, \n    {\n        statusCode : 201,\n        expectedFields: ['user', 'meals', '_id', 'created'],\n        expectedValues: [\n                            {path: 'name', value: requestBody.name},\n                            {path: 'description', value: requestBody.description}\n                        ],\n        executionVariables: [\n                            {path: '_id', name: 'restaurantId'},\n                            {path: 'name', name: 'restaurantName'},\n                            {path: 'description', name: 'restaurantDescription'},\n                            {path: 'user', name: 'userId'}\n                        ],\n        expectedType:   [\n                            {path: 'user', type: 'string'},\n                            {path: 'meals', type: 'array'}\n                        ]\n})",
              "err": {},
              "uuid": "55d8d5b8-e418-4c6c-a080-7a36962683a1",
              "parentUUID": "0c1833eb-cfef-454b-8306-f4206f62a326",
              "isHook": false,
              "skipped": false
            },
            {
              "title": "Delete a restaurant",
              "fullTitle": "Negative - Deleting an already deleted restaurant Delete a restaurant",
              "timedOut": false,
              "duration": 177,
              "state": "passed",
              "speed": "slow",
              "pass": true,
              "fail": false,
              "pending": false,
              "context": "[\n  \"DELETE /restaurants/691361a388925fbf6ee7ab9c\",\n  {\n    \"title\": \"REQUEST HEADERS\",\n    \"value\": {\n      \"Content-Type\": \"application/json\",\n      \"Accept\": \"application/json\",\n      \"x-api-key\": \"759f583a-0cc8-4095-a0e5-7e579bb8041c\",\n      \"Authorization\": \"Bearer eyJhbGciOiJIUzI1NiIsInR5cCI6IkpXVCJ9.eyJpZCI6IjY5MTM2MWEyODg5MjVmYmY2ZWU3YWI5MSIsImlhdCI6MTc2Mjg3Nzg1OCwiZXhwIjoxNzYyODgxNDU4fQ.rvKN3TkjmQOJajVeYfuqcJ5YY4ncW-K8DghrF-raatE\"\n    }\n  },\n  {\n    \"title\": \"RESPONSE HEADERS\",\n    \"value\": {\n      \"server\": \"nginx/1.29.1\",\n      \"date\": \"Tue, 11 Nov 2025 16:17:40 GMT\",\n      \"content-type\": \"application/json; charset=utf-8\",\n      \"content-length\": \"32\",\n      \"connection\": \"close\",\n      \"x-powered-by\": \"Express\",\n      \"etag\": \"W/\\\"20-Zn9EHkyUFgrGQsxNwuTqAb19HtY\\\"\",\n      \"x-frame-options\": \"SAMEORIGIN\",\n      \"x-content-type-options\": \"nosniff\"\n    }\n  },\n  {\n    \"title\": \"RESPONSE BODY\",\n    \"value\": {\n      \"message\": \"Restaurant removed\"\n    }\n  }\n]",
              "code": "await request(this, 'DELETE', `/restaurants/${global.executionVariables.restaurantId}`, undefined, true, \n    {\n        statusCode : 200,\n        expectedValues: [\n                            {path: 'message', value: \"Restaurant removed\"}   \n                        ]\n})",
              "err": {},
              "uuid": "13e7045e-4653-4b4f-85a3-3b476f72ab71",
              "parentUUID": "0c1833eb-cfef-454b-8306-f4206f62a326",
              "isHook": false,
              "skipped": false
            },
            {
              "title": "Deleted same restaurant again",
              "fullTitle": "Negative - Deleting an already deleted restaurant Deleted same restaurant again",
              "timedOut": false,
              "duration": 139,
              "state": "passed",
              "speed": "slow",
              "pass": true,
              "fail": false,
              "pending": false,
              "context": "[\n  \"DELETE /restaurants/691361a388925fbf6ee7ab9c\",\n  {\n    \"title\": \"REQUEST HEADERS\",\n    \"value\": {\n      \"Content-Type\": \"application/json\",\n      \"Accept\": \"application/json\",\n      \"x-api-key\": \"759f583a-0cc8-4095-a0e5-7e579bb8041c\",\n      \"Authorization\": \"Bearer eyJhbGciOiJIUzI1NiIsInR5cCI6IkpXVCJ9.eyJpZCI6IjY5MTM2MWEyODg5MjVmYmY2ZWU3YWI5MSIsImlhdCI6MTc2Mjg3Nzg1OCwiZXhwIjoxNzYyODgxNDU4fQ.rvKN3TkjmQOJajVeYfuqcJ5YY4ncW-K8DghrF-raatE\"\n    }\n  },\n  {\n    \"title\": \"RESPONSE HEADERS\",\n    \"value\": {\n      \"server\": \"nginx/1.29.1\",\n      \"date\": \"Tue, 11 Nov 2025 16:17:40 GMT\",\n      \"content-type\": \"application/json; charset=utf-8\",\n      \"content-length\": \"36\",\n      \"connection\": \"close\",\n      \"x-powered-by\": \"Express\",\n      \"etag\": \"W/\\\"24-LrAoc+11uYUDvg1e7vUr6qFE1FU\\\"\",\n      \"x-frame-options\": \"SAMEORIGIN\",\n      \"x-content-type-options\": \"nosniff\"\n    }\n  },\n  {\n    \"title\": \"RESPONSE BODY\",\n    \"value\": {\n      \"message\": \"Cannot find restaurant\"\n    }\n  }\n]",
              "code": "await request(this, 'DELETE', `/restaurants/${global.executionVariables.restaurantId}`, undefined, true, \n    {\n        statusCode : 404,\n        expectedValues: [\n                            {path: 'message', value: 'Cannot find restaurant'}\n                        ]\n})",
              "err": {},
              "uuid": "e3313c43-f40a-4c9e-bfce-2f51165f182a",
              "parentUUID": "0c1833eb-cfef-454b-8306-f4206f62a326",
              "isHook": false,
              "skipped": false
            }
          ],
          "suites": [],
          "passes": [
            "55d8d5b8-e418-4c6c-a080-7a36962683a1",
            "13e7045e-4653-4b4f-85a3-3b476f72ab71",
            "e3313c43-f40a-4c9e-bfce-2f51165f182a"
          ],
          "failures": [],
          "pending": [],
          "skipped": [],
          "duration": 502,
          "root": false,
          "rootEmpty": false,
          "_timeout": 20000
        },
        {
          "uuid": "0c6ce46e-a240-409a-b5b1-a814e6fbd526",
          "title": "Get All Restaurants",
          "fullFile": "/Users/mairisnikiforovs/Documents/TDLSCHOOL/INTERMEDIATE/REST_API_INTERMEDIATE_BASE-main/tests/scenarios/restaurant/restaurant.js",
          "file": "/tests/scenarios/restaurant/restaurant.js",
          "beforeHooks": [],
          "afterHooks": [],
          "tests": [
            {
              "title": "Create a new restaurant",
              "fullTitle": "Get All Restaurants Create a new restaurant",
              "timedOut": false,
              "duration": 181,
              "state": "passed",
              "speed": "slow",
              "pass": true,
              "fail": false,
              "pending": false,
              "context": "[\n  \"POST /restaurants\",\n  {\n    \"title\": \"REQUEST HEADERS\",\n    \"value\": {\n      \"Content-Type\": \"application/json\",\n      \"Accept\": \"application/json\",\n      \"x-api-key\": \"759f583a-0cc8-4095-a0e5-7e579bb8041c\",\n      \"Authorization\": \"Bearer eyJhbGciOiJIUzI1NiIsInR5cCI6IkpXVCJ9.eyJpZCI6IjY5MTM2MWEyODg5MjVmYmY2ZWU3YWI5MSIsImlhdCI6MTc2Mjg3Nzg1OCwiZXhwIjoxNzYyODgxNDU4fQ.rvKN3TkjmQOJajVeYfuqcJ5YY4ncW-K8DghrF-raatE\"\n    }\n  },\n  {\n    \"title\": \"REQUEST BODY\",\n    \"value\": {\n      \"name\": \"zesty hokkien noodles 1762877860211\",\n      \"description\": \"Fresh lime leaves with a pinch of garlic, topped by a caramelized cherry with whipped cream\"\n    }\n  },\n  {\n    \"title\": \"RESPONSE HEADERS\",\n    \"value\": {\n      \"server\": \"nginx/1.29.1\",\n      \"date\": \"Tue, 11 Nov 2025 16:17:40 GMT\",\n      \"content-type\": \"application/json; charset=utf-8\",\n      \"content-length\": \"337\",\n      \"connection\": \"close\",\n      \"x-powered-by\": \"Express\",\n      \"etag\": \"W/\\\"151-vcj8gIK5fG6kb8D2F/3ce2Mdcmk\\\"\",\n      \"x-frame-options\": \"SAMEORIGIN\",\n      \"x-content-type-options\": \"nosniff\"\n    }\n  },\n  {\n    \"title\": \"RESPONSE BODY\",\n    \"value\": {\n      \"name\": \"tender ajowan seed 1762877860029\",\n      \"description\": \"An exquisite goose roast, infused with the essence of mandarin, slow-roasted to bring out its natural flavors and served with a side of creamy swiss chard\",\n      \"user\": \"691361a288925fbf6ee7ab91\",\n      \"meals\": [],\n      \"_id\": \"691361a488925fbf6ee7aba1\",\n      \"created\": \"2025-11-11T16:17:40.332Z\",\n      \"__v\": 0\n    }\n  }\n]",
              "code": "const requestBody = await getCreateRestaurantRequestBody()\n    \nawait request(this, 'POST', '/restaurants', requestBody, true, \n    {\n        statusCode : 201,\n        expectedFields: ['user', 'meals', '_id', 'created'],\n        expectedValues: [\n                            {path: 'name', value: requestBody.name},\n                            {path: 'description', value: requestBody.description}\n                        ],\n        executionVariables: [\n                            {path: '_id', name: 'restaurantId'},\n                            {path: 'name', name: 'restaurantName'},\n                            {path: 'description', name: 'restaurantDescription'},\n                            {path: 'user', name: 'userId'}\n                        ],\n        expectedType:   [\n                            {path: 'user', type: 'string'},\n                            {path: 'meals', type: 'array'}\n                        ]\n})",
              "err": {},
              "uuid": "ee057847-da08-460e-a997-c6c66956b46b",
              "parentUUID": "0c6ce46e-a240-409a-b5b1-a814e6fbd526",
              "isHook": false,
              "skipped": false
            },
            {
              "title": "Create a new restaurant",
              "fullTitle": "Get All Restaurants Create a new restaurant",
              "timedOut": false,
              "duration": 170,
              "state": "passed",
              "speed": "slow",
              "pass": true,
              "fail": false,
              "pending": false,
              "context": "[\n  \"POST /restaurants\",\n  {\n    \"title\": \"REQUEST HEADERS\",\n    \"value\": {\n      \"Content-Type\": \"application/json\",\n      \"Accept\": \"application/json\",\n      \"x-api-key\": \"759f583a-0cc8-4095-a0e5-7e579bb8041c\",\n      \"Authorization\": \"Bearer eyJhbGciOiJIUzI1NiIsInR5cCI6IkpXVCJ9.eyJpZCI6IjY5MTM2MWEyODg5MjVmYmY2ZWU3YWI5MSIsImlhdCI6MTc2Mjg3Nzg1OCwiZXhwIjoxNzYyODgxNDU4fQ.rvKN3TkjmQOJajVeYfuqcJ5YY4ncW-K8DghrF-raatE\"\n    }\n  },\n  {\n    \"title\": \"REQUEST BODY\",\n    \"value\": {\n      \"name\": \"zesty hokkien noodles 1762877860211\",\n      \"description\": \"Fresh lime leaves with a pinch of garlic, topped by a caramelized cherry with whipped cream\"\n    }\n  },\n  {\n    \"title\": \"RESPONSE HEADERS\",\n    \"value\": {\n      \"server\": \"nginx/1.29.1\",\n      \"date\": \"Tue, 11 Nov 2025 16:17:40 GMT\",\n      \"content-type\": \"application/json; charset=utf-8\",\n      \"content-length\": \"277\",\n      \"connection\": \"close\",\n      \"x-powered-by\": \"Express\",\n      \"etag\": \"W/\\\"115-wlt7KDLtRXH7VLDUmg2Jy39+pJs\\\"\",\n      \"x-frame-options\": \"SAMEORIGIN\",\n      \"x-content-type-options\": \"nosniff\"\n    }\n  },\n  {\n    \"title\": \"RESPONSE BODY\",\n    \"value\": {\n      \"name\": \"zesty hokkien noodles 1762877860211\",\n      \"description\": \"Fresh lime leaves with a pinch of garlic, topped by a caramelized cherry with whipped cream\",\n      \"user\": \"691361a288925fbf6ee7ab91\",\n      \"meals\": [],\n      \"_id\": \"691361a488925fbf6ee7aba3\",\n      \"created\": \"2025-11-11T16:17:40.504Z\",\n      \"__v\": 0\n    }\n  }\n]",
              "code": "const requestBody = await getCreateRestaurantRequestBody()\n    \nawait request(this, 'POST', '/restaurants', requestBody, true, \n    {\n        statusCode : 201,\n        expectedFields: ['user', 'meals', '_id', 'created'],\n        expectedValues: [\n                            {path: 'name', value: requestBody.name},\n                            {path: 'description', value: requestBody.description}\n                        ],\n        executionVariables: [\n                            {path: '_id', name: 'restaurantId'},\n                            {path: 'name', name: 'restaurantName'},\n                            {path: 'description', name: 'restaurantDescription'},\n                            {path: 'user', name: 'userId'}\n                        ],\n        expectedType:   [\n                            {path: 'user', type: 'string'},\n                            {path: 'meals', type: 'array'}\n                        ]\n})",
              "err": {},
              "uuid": "59377426-12dd-43cf-8481-15e4160d3cb1",
              "parentUUID": "0c6ce46e-a240-409a-b5b1-a814e6fbd526",
              "isHook": false,
              "skipped": false
            },
            {
              "title": "Get a restaurants",
              "fullTitle": "Get All Restaurants Get a restaurants",
              "timedOut": false,
              "duration": 138,
              "state": "passed",
              "speed": "slow",
              "pass": true,
              "fail": false,
              "pending": false,
              "context": "[\n  \"GET /restaurants\",\n  {\n    \"title\": \"REQUEST HEADERS\",\n    \"value\": {\n      \"Content-Type\": \"application/json\",\n      \"Accept\": \"application/json\",\n      \"x-api-key\": \"759f583a-0cc8-4095-a0e5-7e579bb8041c\",\n      \"Authorization\": \"Bearer eyJhbGciOiJIUzI1NiIsInR5cCI6IkpXVCJ9.eyJpZCI6IjY5MTM2MWEyODg5MjVmYmY2ZWU3YWI5MSIsImlhdCI6MTc2Mjg3Nzg1OCwiZXhwIjoxNzYyODgxNDU4fQ.rvKN3TkjmQOJajVeYfuqcJ5YY4ncW-K8DghrF-raatE\"\n    }\n  },\n  {\n    \"title\": \"RESPONSE HEADERS\",\n    \"value\": {\n      \"server\": \"nginx/1.29.1\",\n      \"date\": \"Tue, 11 Nov 2025 16:17:40 GMT\",\n      \"content-type\": \"application/json; charset=utf-8\",\n      \"content-length\": \"617\",\n      \"connection\": \"close\",\n      \"x-powered-by\": \"Express\",\n      \"etag\": \"W/\\\"269-v6r821jd2SXktVksL6PYa/FAQLQ\\\"\",\n      \"x-frame-options\": \"SAMEORIGIN\",\n      \"x-content-type-options\": \"nosniff\"\n    }\n  },\n  {\n    \"title\": \"RESPONSE BODY\",\n    \"value\": [\n      {\n        \"_id\": \"691361a488925fbf6ee7aba1\",\n        \"name\": \"tender ajowan seed 1762877860029\",\n        \"description\": \"An exquisite goose roast, infused with the essence of mandarin, slow-roasted to bring out its natural flavors and served with a side of creamy swiss chard\",\n        \"user\": \"691361a288925fbf6ee7ab91\",\n        \"meals\": [],\n        \"created\": \"2025-11-11T16:17:40.332Z\",\n        \"__v\": 0\n      },\n      {\n        \"_id\": \"691361a488925fbf6ee7aba3\",\n        \"name\": \"zesty hokkien noodles 1762877860211\",\n        \"description\": \"Fresh lime leaves with a pinch of garlic, topped by a caramelized cherry with whipped cream\",\n        \"user\": \"691361a288925fbf6ee7ab91\",\n        \"meals\": [],\n        \"created\": \"2025-11-11T16:17:40.504Z\",\n        \"__v\": 0\n      }\n    ]\n  }\n]",
              "code": "await request(this, 'GET', `/restaurants`, undefined, true, \n    {\n        statusCode : 200,\n        expectedValuesInArrayOfObjects: {\n            key: '_id',\n            value: global.executionVariables.restaurantId,\n            fields:  [\n                        {path: 'name', value: global.executionVariables.restaurantName}\n                     ]\n        }\n    })",
              "err": {},
              "uuid": "78c02ab8-65fd-409f-8d89-0d69423fbdcd",
              "parentUUID": "0c6ce46e-a240-409a-b5b1-a814e6fbd526",
              "isHook": false,
              "skipped": false
            }
          ],
          "suites": [],
          "passes": [
            "ee057847-da08-460e-a997-c6c66956b46b",
            "59377426-12dd-43cf-8481-15e4160d3cb1",
            "78c02ab8-65fd-409f-8d89-0d69423fbdcd"
          ],
          "failures": [],
          "pending": [],
          "skipped": [],
          "duration": 489,
          "root": false,
          "rootEmpty": false,
          "_timeout": 20000
        }
      ],
      "passes": [
        "ef8543fa-2410-4d2d-a54f-00492920b301",
        "2be82650-146f-471b-85d2-155092ab32b8",
        "863dec68-db54-4c21-b994-5ff1a0b23946"
      ],
      "failures": [],
      "pending": [],
      "skipped": [
        "a8f759fb-02d0-4c1e-987a-893b217f91b9"
      ],
      "duration": 730,
      "root": true,
      "rootEmpty": false,
      "_timeout": 20000
    }
  ],
  "meta": {
    "mocha": {
      "version": "10.8.2"
    },
    "mochawesome": {
      "options": {
        "quiet": false,
        "reportFilename": "mochawesome",
        "saveHtml": true,
        "saveJson": true,
        "consoleReporter": "spec",
        "useInlineDiffs": false,
        "code": true
      },
      "version": "7.1.3"
    },
    "marge": {
      "options": null,
      "version": "6.2.0"
    }
  }
}