{
  "stats": {
    "suites": 3,
    "tests": 14,
    "passes": 14,
    "pending": 0,
    "failures": 0,
    "start": "2025-11-11T16:27:12.776Z",
    "end": "2025-11-11T16:27:15.224Z",
    "duration": 2448,
    "testsRegistered": 15,
    "passPercent": 93.33333333333333,
    "pendingPercent": 0,
    "other": 0,
    "hasOther": false,
    "skipped": 1,
    "hasSkipped": true
  },
  "results": [
    {
      "uuid": "4bd16df5-c1e7-4e32-a21d-233a285e332d",
      "title": "",
      "fullFile": "",
      "file": "",
      "beforeHooks": [
        {
          "title": "\"before all\" hook in \"{root}\"",
          "fullTitle": "\"before all\" hook in \"{root}\"",
          "timedOut": false,
          "duration": 1,
          "state": null,
          "speed": null,
          "pass": false,
          "fail": false,
          "pending": false,
          "context": null,
          "code": "await generateTestData()\ncreateUser()\nlogIn()",
          "err": {},
          "uuid": "1ee4b0e7-5d9f-4eec-bef6-a1b75022e522",
          "parentUUID": "4bd16df5-c1e7-4e32-a21d-233a285e332d",
          "isHook": true,
          "skipped": false
        }
      ],
      "afterHooks": [
        {
          "title": "\"after all\" hook in \"{root}\"",
          "fullTitle": "\"after all\" hook in \"{root}\"",
          "timedOut": false,
          "duration": 0,
          "state": null,
          "speed": null,
          "pass": false,
          "fail": false,
          "pending": false,
          "context": null,
          "code": "deleteUser()",
          "err": {},
          "uuid": "b2c8a5ef-c337-4198-a4f4-1e673dde692f",
          "parentUUID": "4bd16df5-c1e7-4e32-a21d-233a285e332d",
          "isHook": true,
          "skipped": false
        }
      ],
      "tests": [
        {
          "title": "Restaurant tests",
          "fullTitle": "Restaurant tests",
          "timedOut": false,
          "duration": 1,
          "state": "passed",
          "speed": "fast",
          "pass": true,
          "fail": false,
          "pending": false,
          "context": null,
          "code": "describe(`CRUD restaurant`, () => {\n    createRestaurant()\n    updateRestaurant()\n    getRestaurant()\n    deleteRestaurant()\n    getDeletedRestaurant()\n})\n describe(`Negative - Deleting an already deleted restaurant`, () => {\n    createRestaurant()\n    deleteRestaurant()\n    deleteRestaurantTwice()\n})\n describe(`Get All Restaurants`, () => {\n    createRestaurant()\n    createRestaurant()\n    getRestaurants()\n})",
          "err": {},
          "uuid": "2ab86398-eb01-4dcc-bcaf-133cd2d7a7d3",
          "parentUUID": "4bd16df5-c1e7-4e32-a21d-233a285e332d",
          "isHook": false,
          "skipped": false
        },
        {
          "title": "Create user account",
          "fullTitle": "Create user account",
          "timedOut": false,
          "duration": 342,
          "state": "passed",
          "speed": "slow",
          "pass": true,
          "fail": false,
          "pending": false,
          "context": "[\n  \"POST /user\",\n  {\n    \"title\": \"REQUEST HEADERS\",\n    \"value\": {\n      \"Content-Type\": \"application/json\",\n      \"Accept\": \"application/json\",\n      \"x-api-key\": \"759f583a-0cc8-4095-a0e5-7e579bb8041c\"\n    }\n  },\n  {\n    \"title\": \"REQUEST BODY\",\n    \"value\": {\n      \"email\": \"Marianna4@apimail.tdlbox.com\",\n      \"name\": \"Mairis\",\n      \"surname\": \"TestLastName\",\n      \"password\": \"MdQeFAZcB8vPUVZ\"\n    }\n  },\n  {\n    \"title\": \"RESPONSE HEADERS\",\n    \"value\": {\n      \"server\": \"nginx/1.29.1\",\n      \"date\": \"Tue, 11 Nov 2025 16:27:13 GMT\",\n      \"content-type\": \"application/json; charset=utf-8\",\n      \"content-length\": \"81\",\n      \"connection\": \"close\",\n      \"x-powered-by\": \"Express\",\n      \"etag\": \"W/\\\"51-GHTBGdgp0iqt0dF2XR8WUjThBOs\\\"\",\n      \"x-frame-options\": \"SAMEORIGIN\",\n      \"x-content-type-options\": \"nosniff\"\n    }\n  },\n  {\n    \"title\": \"RESPONSE BODY\",\n    \"value\": {\n      \"email\": \"Marianna4@apimail.tdlbox.com\",\n      \"name\": \"Mairis\",\n      \"surname\": \"TestLastName\"\n    }\n  }\n]",
          "code": "const requestBody = await getCreateUserRequestBody()\nawait request(this, 'POST', '/user', requestBody, false, \n    {\n        statusCode : 201,\n        expectedValues: [\n                            {path: 'email', value: requestBody.email},\n                            {path: 'name', value: requestBody.name},\n                            {path: 'surname', value: requestBody.surname}\n                        ],\n        executionVariables: [\n                                {path: 'email', name: 'userEmail'}, \n                            ]\n    }\n)",
          "err": {},
          "uuid": "6493b1a9-59d6-4b21-ae27-7c4fefbb3907",
          "parentUUID": "4bd16df5-c1e7-4e32-a21d-233a285e332d",
          "isHook": false,
          "skipped": false
        },
        {
          "title": "The user Logs In",
          "fullTitle": "The user Logs In",
          "timedOut": false,
          "duration": 283,
          "state": "passed",
          "speed": "slow",
          "pass": true,
          "fail": false,
          "pending": false,
          "context": "[\n  \"POST /login\",\n  {\n    \"title\": \"REQUEST HEADERS\",\n    \"value\": {\n      \"Content-Type\": \"application/json\",\n      \"Accept\": \"application/json\",\n      \"x-api-key\": \"759f583a-0cc8-4095-a0e5-7e579bb8041c\"\n    }\n  },\n  {\n    \"title\": \"REQUEST BODY\",\n    \"value\": {\n      \"email\": \"Marianna4@apimail.tdlbox.com\",\n      \"password\": \"MdQeFAZcB8vPUVZ\"\n    }\n  },\n  {\n    \"title\": \"RESPONSE HEADERS\",\n    \"value\": {\n      \"server\": \"nginx/1.29.1\",\n      \"date\": \"Tue, 11 Nov 2025 16:27:13 GMT\",\n      \"content-type\": \"application/json; charset=utf-8\",\n      \"content-length\": \"212\",\n      \"connection\": \"close\",\n      \"x-powered-by\": \"Express\",\n      \"etag\": \"W/\\\"d4-q9ITYPfB/qnWsy9gj5qRbeO9RqQ\\\"\",\n      \"set-cookie\": [\n        \"connect.sid=s%3A8oppTbmD9WP_5wFA9yPzoOAH53R3SUC2.2aicY1hIiQgZMdOpoF11s0xKgpFqocZSMhJNtegtjbk; Path=/; HttpOnly\"\n      ],\n      \"x-frame-options\": \"SAMEORIGIN\",\n      \"x-content-type-options\": \"nosniff\"\n    }\n  },\n  {\n    \"title\": \"RESPONSE BODY\",\n    \"value\": {\n      \"message\": \"Login successful\",\n      \"token\": \"eyJhbGciOiJIUzI1NiIsInR5cCI6IkpXVCJ9.eyJpZCI6IjY5MTM2M2UxODg5MjVmYmY2ZWU3YWMzOSIsImlhdCI6MTc2Mjg3ODQzMywiZXhwIjoxNzYyODgyMDMzfQ.puXgCQ9W_YMCY38KsHqL5b3I0rujlG0o5dD4vUY9fMo\"\n    }\n  }\n]",
          "code": "const requestBody = {\n    email: global.executionVariables.userEmail,\n    password: global.executionVariables.userPassword\n}\nawait request(this, 'POST', '/login', requestBody, false, \n    {\n        statusCode : 200,\n        expectedValues: [\n                            {path: 'message', value: \"Login successful\"}\n                        ],\n        expectedFields: ['token'],\n        executionVariables: [\n                                {path: 'token', name: 'userToken'}, \n                            ]\n    }\n)",
          "err": {},
          "uuid": "d872760e-b0b2-4c30-93c3-18c8d17c9d2e",
          "parentUUID": "4bd16df5-c1e7-4e32-a21d-233a285e332d",
          "isHook": false,
          "skipped": false
        },
        {
          "title": "Remove user account",
          "fullTitle": "Remove user account",
          "timedOut": false,
          "duration": 0,
          "state": null,
          "speed": null,
          "pass": false,
          "fail": false,
          "pending": false,
          "context": null,
          "code": "await request(this, 'DELETE', `/user`, undefined, true, \n    {\n        statusCode : 200,\n        expectedValues: [\n                            {path: 'message', value: \"User and all associated restaurants and meals have been deleted.\"}\n                        ]\n    }\n)",
          "err": {},
          "uuid": "3921a3a7-2d3e-40e6-8154-bee77c555ae0",
          "parentUUID": "4bd16df5-c1e7-4e32-a21d-233a285e332d",
          "isHook": false,
          "skipped": true
        }
      ],
      "suites": [
        {
          "uuid": "8c15e538-1936-479e-bb32-e6bd1e1719ed",
          "title": "CRUD restaurant",
          "fullFile": "/Users/mairisnikiforovs/Documents/TDLSCHOOL/INTERMEDIATE/REST_API_INTERMEDIATE_BASE-main/tests/scenarios/restaurant/restaurant.js",
          "file": "/tests/scenarios/restaurant/restaurant.js",
          "beforeHooks": [],
          "afterHooks": [],
          "tests": [
            {
              "title": "Create a new restaurant",
              "fullTitle": "CRUD restaurant Create a new restaurant",
              "timedOut": false,
              "duration": 162,
              "state": "passed",
              "speed": "slow",
              "pass": true,
              "fail": false,
              "pending": false,
              "context": "[\n  \"POST /restaurants\",\n  {\n    \"title\": \"REQUEST HEADERS\",\n    \"value\": {\n      \"Content-Type\": \"application/json\",\n      \"Accept\": \"application/json\",\n      \"x-api-key\": \"759f583a-0cc8-4095-a0e5-7e579bb8041c\",\n      \"Authorization\": \"Bearer eyJhbGciOiJIUzI1NiIsInR5cCI6IkpXVCJ9.eyJpZCI6IjY5MTM2M2UxODg5MjVmYmY2ZWU3YWMzOSIsImlhdCI6MTc2Mjg3ODQzMywiZXhwIjoxNzYyODgyMDMzfQ.puXgCQ9W_YMCY38KsHqL5b3I0rujlG0o5dD4vUY9fMo\"\n    }\n  },\n  {\n    \"title\": \"REQUEST BODY\",\n    \"value\": {\n      \"name\": \"spicy mahlab 1762878434888\",\n      \"description\": \"Grilled pigeon kebabs, marinated in Cantonese spices and served with a fresh squash and orange salad.\"\n    }\n  },\n  {\n    \"title\": \"RESPONSE HEADERS\",\n    \"value\": {\n      \"server\": \"nginx/1.29.1\",\n      \"date\": \"Tue, 11 Nov 2025 16:27:13 GMT\",\n      \"content-type\": \"application/json; charset=utf-8\",\n      \"content-length\": \"266\",\n      \"connection\": \"close\",\n      \"x-powered-by\": \"Express\",\n      \"etag\": \"W/\\\"10a-7Q1/8VYQ9SMd4Mmc94tWoeY1AUw\\\"\",\n      \"x-frame-options\": \"SAMEORIGIN\",\n      \"x-content-type-options\": \"nosniff\"\n    }\n  },\n  {\n    \"title\": \"RESPONSE BODY\",\n    \"value\": {\n      \"name\": \"smoky mackerel 1762878433408\",\n      \"description\": \"Fresh tabasco with a pinch of nutmeg, topped by a caramelized loquat with whipped cream\",\n      \"user\": \"691363e188925fbf6ee7ac39\",\n      \"meals\": [],\n      \"_id\": \"691363e188925fbf6ee7ac3c\",\n      \"created\": \"2025-11-11T16:27:13.670Z\",\n      \"__v\": 0\n    }\n  }\n]",
              "code": "const requestBody = await getCreateRestaurantRequestBody()\n    \nawait request(this, 'POST', '/restaurants', requestBody, true, \n    {\n        statusCode : 201,\n        expectedFields: ['user', 'meals', '_id', 'created'],\n        expectedValues: [\n                            {path: 'name', value: requestBody.name},\n                            {path: 'description', value: requestBody.description}\n                        ],\n        executionVariables: [\n                            {path: '_id', name: 'restaurantId'},\n                            {path: 'name', name: 'restaurantName'},\n                            {path: 'description', name: 'restaurantDescription'},\n                            {path: 'user', name: 'userId'}\n                        ],\n        expectedType:   [\n                            {path: 'user', type: 'string'},\n                            {path: 'meals', type: 'array'}\n                        ]\n})",
              "err": {},
              "uuid": "18e2e06f-f247-4de8-af90-29c46189aed7",
              "parentUUID": "8c15e538-1936-479e-bb32-e6bd1e1719ed",
              "isHook": false,
              "skipped": false
            },
            {
              "title": "Update a restaurant",
              "fullTitle": "CRUD restaurant Update a restaurant",
              "timedOut": false,
              "duration": 161,
              "state": "passed",
              "speed": "slow",
              "pass": true,
              "fail": false,
              "pending": false,
              "context": "[\n  \"PATCH /restaurants/691363e188925fbf6ee7ac3c\",\n  {\n    \"title\": \"REQUEST HEADERS\",\n    \"value\": {\n      \"Content-Type\": \"application/json\",\n      \"Accept\": \"application/json\",\n      \"x-api-key\": \"759f583a-0cc8-4095-a0e5-7e579bb8041c\",\n      \"Authorization\": \"Bearer eyJhbGciOiJIUzI1NiIsInR5cCI6IkpXVCJ9.eyJpZCI6IjY5MTM2M2UxODg5MjVmYmY2ZWU3YWMzOSIsImlhdCI6MTc2Mjg3ODQzMywiZXhwIjoxNzYyODgyMDMzfQ.puXgCQ9W_YMCY38KsHqL5b3I0rujlG0o5dD4vUY9fMo\"\n    }\n  },\n  {\n    \"title\": \"REQUEST BODY\",\n    \"value\": {\n      \"name\": \"spicy mahlab 1762878434888\",\n      \"description\": \"Grilled pigeon kebabs, marinated in Cantonese spices and served with a fresh squash and orange salad.\"\n    }\n  },\n  {\n    \"title\": \"RESPONSE HEADERS\",\n    \"value\": {\n      \"server\": \"nginx/1.29.1\",\n      \"date\": \"Tue, 11 Nov 2025 16:27:13 GMT\",\n      \"content-type\": \"application/json; charset=utf-8\",\n      \"content-length\": \"292\",\n      \"connection\": \"close\",\n      \"x-powered-by\": \"Express\",\n      \"etag\": \"W/\\\"124-dzVzhHtQY25XDFbM5rB1adhdzEQ\\\"\",\n      \"x-frame-options\": \"SAMEORIGIN\",\n      \"x-content-type-options\": \"nosniff\"\n    }\n  },\n  {\n    \"title\": \"RESPONSE BODY\",\n    \"value\": {\n      \"_id\": \"691363e188925fbf6ee7ac3c\",\n      \"name\": \"salty kale 1762878433571\",\n      \"description\": \"A special indigo parsnip from Jamaica. To support the strong flavor it is sided with a tablespoon of tandoori masala.\",\n      \"user\": \"691363e188925fbf6ee7ac39\",\n      \"meals\": [],\n      \"created\": \"2025-11-11T16:27:13.670Z\",\n      \"__v\": 0\n    }\n  }\n]",
              "code": "const requestBody = await getCreateRestaurantRequestBody()\nawait request(this, 'PATCH', `/restaurants/${global.executionVariables.restaurantId}`, requestBody, true, \n    {\n        statusCode : 200,\n        expectedFields: ['meals', 'created'],\n        expectedValues: [\n                            {path: 'name', value: requestBody.name},\n                            {path: 'description', value: requestBody.description},\n                            {path: '_id', value: global.executionVariables.restaurantId},\n                            {path: 'user', value: global.executionVariables.userId}\n                        ],\n        executionVariables: [\n                            {path: 'name', name: 'restaurantName'},\n                            {path: 'description', name: 'restaurantDescription'}\n                        ]\n}\n)",
              "err": {},
              "uuid": "7051d3bc-8be2-4da4-a185-b9ff0a3f1a6b",
              "parentUUID": "8c15e538-1936-479e-bb32-e6bd1e1719ed",
              "isHook": false,
              "skipped": false
            },
            {
              "title": "Get a restaurant",
              "fullTitle": "CRUD restaurant Get a restaurant",
              "timedOut": false,
              "duration": 175,
              "state": "passed",
              "speed": "slow",
              "pass": true,
              "fail": false,
              "pending": false,
              "context": "[\n  \"GET /restaurants/691363e188925fbf6ee7ac3c\",\n  {\n    \"title\": \"REQUEST HEADERS\",\n    \"value\": {\n      \"Content-Type\": \"application/json\",\n      \"Accept\": \"application/json\",\n      \"x-api-key\": \"759f583a-0cc8-4095-a0e5-7e579bb8041c\",\n      \"Authorization\": \"Bearer eyJhbGciOiJIUzI1NiIsInR5cCI6IkpXVCJ9.eyJpZCI6IjY5MTM2M2UxODg5MjVmYmY2ZWU3YWMzOSIsImlhdCI6MTc2Mjg3ODQzMywiZXhwIjoxNzYyODgyMDMzfQ.puXgCQ9W_YMCY38KsHqL5b3I0rujlG0o5dD4vUY9fMo\"\n    }\n  },\n  {\n    \"title\": \"RESPONSE HEADERS\",\n    \"value\": {\n      \"server\": \"nginx/1.29.1\",\n      \"date\": \"Tue, 11 Nov 2025 16:27:14 GMT\",\n      \"content-type\": \"application/json; charset=utf-8\",\n      \"content-length\": \"292\",\n      \"connection\": \"close\",\n      \"x-powered-by\": \"Express\",\n      \"etag\": \"W/\\\"124-dzVzhHtQY25XDFbM5rB1adhdzEQ\\\"\",\n      \"x-frame-options\": \"SAMEORIGIN\",\n      \"x-content-type-options\": \"nosniff\"\n    }\n  },\n  {\n    \"title\": \"RESPONSE BODY\",\n    \"value\": {\n      \"_id\": \"691363e188925fbf6ee7ac3c\",\n      \"name\": \"salty kale 1762878433571\",\n      \"description\": \"A special indigo parsnip from Jamaica. To support the strong flavor it is sided with a tablespoon of tandoori masala.\",\n      \"user\": \"691363e188925fbf6ee7ac39\",\n      \"meals\": [],\n      \"created\": \"2025-11-11T16:27:13.670Z\",\n      \"__v\": 0\n    }\n  }\n]",
              "code": "await request(this, 'GET', `/restaurants/${global.executionVariables.restaurantId}`, undefined, true, \n    {\n        statusCode : 200,\n        expectedValues: [\n                            {path: 'name', value: global.executionVariables.restaurantName},\n                            {path: 'description', value: global.executionVariables.restaurantDescription},\n                            {path: '_id', value: global.executionVariables.restaurantId},\n                            {path: 'user', value: global.executionVariables.userId} \n                        ]\n})",
              "err": {},
              "uuid": "86dc88a8-2692-498c-bbf6-5ae9bcb96876",
              "parentUUID": "8c15e538-1936-479e-bb32-e6bd1e1719ed",
              "isHook": false,
              "skipped": false
            },
            {
              "title": "Delete a restaurant",
              "fullTitle": "CRUD restaurant Delete a restaurant",
              "timedOut": false,
              "duration": 165,
              "state": "passed",
              "speed": "slow",
              "pass": true,
              "fail": false,
              "pending": false,
              "context": "[\n  \"DELETE /restaurants/691363e188925fbf6ee7ac3c\",\n  {\n    \"title\": \"REQUEST HEADERS\",\n    \"value\": {\n      \"Content-Type\": \"application/json\",\n      \"Accept\": \"application/json\",\n      \"x-api-key\": \"759f583a-0cc8-4095-a0e5-7e579bb8041c\",\n      \"Authorization\": \"Bearer eyJhbGciOiJIUzI1NiIsInR5cCI6IkpXVCJ9.eyJpZCI6IjY5MTM2M2UxODg5MjVmYmY2ZWU3YWMzOSIsImlhdCI6MTc2Mjg3ODQzMywiZXhwIjoxNzYyODgyMDMzfQ.puXgCQ9W_YMCY38KsHqL5b3I0rujlG0o5dD4vUY9fMo\"\n    }\n  },\n  {\n    \"title\": \"RESPONSE HEADERS\",\n    \"value\": {\n      \"server\": \"nginx/1.29.1\",\n      \"date\": \"Tue, 11 Nov 2025 16:27:14 GMT\",\n      \"content-type\": \"application/json; charset=utf-8\",\n      \"content-length\": \"32\",\n      \"connection\": \"close\",\n      \"x-powered-by\": \"Express\",\n      \"etag\": \"W/\\\"20-Zn9EHkyUFgrGQsxNwuTqAb19HtY\\\"\",\n      \"x-frame-options\": \"SAMEORIGIN\",\n      \"x-content-type-options\": \"nosniff\"\n    }\n  },\n  {\n    \"title\": \"RESPONSE BODY\",\n    \"value\": {\n      \"message\": \"Restaurant removed\"\n    }\n  }\n]",
              "code": "await request(this, 'DELETE', `/restaurants/${global.executionVariables.restaurantId}`, undefined, true, \n    {\n        statusCode : 200,\n        expectedValues: [\n                            {path: 'message', value: \"Restaurant removed\"}   \n                        ]\n})",
              "err": {},
              "uuid": "246128a0-67f3-4869-aaa5-0616a7aec2cf",
              "parentUUID": "8c15e538-1936-479e-bb32-e6bd1e1719ed",
              "isHook": false,
              "skipped": false
            },
            {
              "title": "Get a deleted restaurant",
              "fullTitle": "CRUD restaurant Get a deleted restaurant",
              "timedOut": false,
              "duration": 139,
              "state": "passed",
              "speed": "slow",
              "pass": true,
              "fail": false,
              "pending": false,
              "context": "[\n  \"GET /restaurants/691363e188925fbf6ee7ac3c\",\n  {\n    \"title\": \"REQUEST HEADERS\",\n    \"value\": {\n      \"Content-Type\": \"application/json\",\n      \"Accept\": \"application/json\",\n      \"x-api-key\": \"759f583a-0cc8-4095-a0e5-7e579bb8041c\",\n      \"Authorization\": \"Bearer eyJhbGciOiJIUzI1NiIsInR5cCI6IkpXVCJ9.eyJpZCI6IjY5MTM2M2UxODg5MjVmYmY2ZWU3YWMzOSIsImlhdCI6MTc2Mjg3ODQzMywiZXhwIjoxNzYyODgyMDMzfQ.puXgCQ9W_YMCY38KsHqL5b3I0rujlG0o5dD4vUY9fMo\"\n    }\n  },\n  {\n    \"title\": \"RESPONSE HEADERS\",\n    \"value\": {\n      \"server\": \"nginx/1.29.1\",\n      \"date\": \"Tue, 11 Nov 2025 16:27:14 GMT\",\n      \"content-type\": \"application/json; charset=utf-8\",\n      \"content-length\": \"36\",\n      \"connection\": \"close\",\n      \"x-powered-by\": \"Express\",\n      \"etag\": \"W/\\\"24-LrAoc+11uYUDvg1e7vUr6qFE1FU\\\"\",\n      \"x-frame-options\": \"SAMEORIGIN\",\n      \"x-content-type-options\": \"nosniff\"\n    }\n  },\n  {\n    \"title\": \"RESPONSE BODY\",\n    \"value\": {\n      \"message\": \"Cannot find restaurant\"\n    }\n  }\n]",
              "code": "await request(this, 'GET', `/restaurants/${global.executionVariables.restaurantId}`, undefined, true, \n    {\n        statusCode : 404,\n        expectedValues: [\n                            {path: 'message', value: 'Cannot find restaurant'}\n                        ]\n})",
              "err": {},
              "uuid": "df023748-23a2-4beb-a9a2-284a57b9c005",
              "parentUUID": "8c15e538-1936-479e-bb32-e6bd1e1719ed",
              "isHook": false,
              "skipped": false
            }
          ],
          "suites": [],
          "passes": [
            "18e2e06f-f247-4de8-af90-29c46189aed7",
            "7051d3bc-8be2-4da4-a185-b9ff0a3f1a6b",
            "86dc88a8-2692-498c-bbf6-5ae9bcb96876",
            "246128a0-67f3-4869-aaa5-0616a7aec2cf",
            "df023748-23a2-4beb-a9a2-284a57b9c005"
          ],
          "failures": [],
          "pending": [],
          "skipped": [],
          "duration": 802,
          "root": false,
          "rootEmpty": false,
          "_timeout": 20000
        },
        {
          "uuid": "22deba95-7d8a-43e8-a3de-cf9501fb454f",
          "title": "Negative - Deleting an already deleted restaurant",
          "fullFile": "/Users/mairisnikiforovs/Documents/TDLSCHOOL/INTERMEDIATE/REST_API_INTERMEDIATE_BASE-main/tests/scenarios/restaurant/restaurant.js",
          "file": "/tests/scenarios/restaurant/restaurant.js",
          "beforeHooks": [],
          "afterHooks": [],
          "tests": [
            {
              "title": "Create a new restaurant",
              "fullTitle": "Negative - Deleting an already deleted restaurant Create a new restaurant",
              "timedOut": false,
              "duration": 156,
              "state": "passed",
              "speed": "slow",
              "pass": true,
              "fail": false,
              "pending": false,
              "context": "[\n  \"POST /restaurants\",\n  {\n    \"title\": \"REQUEST HEADERS\",\n    \"value\": {\n      \"Content-Type\": \"application/json\",\n      \"Accept\": \"application/json\",\n      \"x-api-key\": \"759f583a-0cc8-4095-a0e5-7e579bb8041c\",\n      \"Authorization\": \"Bearer eyJhbGciOiJIUzI1NiIsInR5cCI6IkpXVCJ9.eyJpZCI6IjY5MTM2M2UxODg5MjVmYmY2ZWU3YWMzOSIsImlhdCI6MTc2Mjg3ODQzMywiZXhwIjoxNzYyODgyMDMzfQ.puXgCQ9W_YMCY38KsHqL5b3I0rujlG0o5dD4vUY9fMo\"\n    }\n  },\n  {\n    \"title\": \"REQUEST BODY\",\n    \"value\": {\n      \"name\": \"spicy mahlab 1762878434888\",\n      \"description\": \"Grilled pigeon kebabs, marinated in Cantonese spices and served with a fresh squash and orange salad.\"\n    }\n  },\n  {\n    \"title\": \"RESPONSE HEADERS\",\n    \"value\": {\n      \"server\": \"nginx/1.29.1\",\n      \"date\": \"Tue, 11 Nov 2025 16:27:14 GMT\",\n      \"content-type\": \"application/json; charset=utf-8\",\n      \"content-length\": \"343\",\n      \"connection\": \"close\",\n      \"x-powered-by\": \"Express\",\n      \"etag\": \"W/\\\"157-+2RX4j/5/U8xfOkZi9HzfvGMtiQ\\\"\",\n      \"x-frame-options\": \"SAMEORIGIN\",\n      \"x-content-type-options\": \"nosniff\"\n    }\n  },\n  {\n    \"title\": \"RESPONSE BODY\",\n    \"value\": {\n      \"name\": \"savory porcini mushrooms 1762878434217\",\n      \"description\": \"An exquisite pork roast, infused with the essence of rockmelon, slow-roasted to bring out its natural flavors and served with a side of creamy cos lettuce\",\n      \"user\": \"691363e188925fbf6ee7ac39\",\n      \"meals\": [],\n      \"_id\": \"691363e288925fbf6ee7ac44\",\n      \"created\": \"2025-11-11T16:27:14.468Z\",\n      \"__v\": 0\n    }\n  }\n]",
              "code": "const requestBody = await getCreateRestaurantRequestBody()\n    \nawait request(this, 'POST', '/restaurants', requestBody, true, \n    {\n        statusCode : 201,\n        expectedFields: ['user', 'meals', '_id', 'created'],\n        expectedValues: [\n                            {path: 'name', value: requestBody.name},\n                            {path: 'description', value: requestBody.description}\n                        ],\n        executionVariables: [\n                            {path: '_id', name: 'restaurantId'},\n                            {path: 'name', name: 'restaurantName'},\n                            {path: 'description', name: 'restaurantDescription'},\n                            {path: 'user', name: 'userId'}\n                        ],\n        expectedType:   [\n                            {path: 'user', type: 'string'},\n                            {path: 'meals', type: 'array'}\n                        ]\n})",
              "err": {},
              "uuid": "d9f104de-2ee1-44a8-ad48-1d4b366fc68d",
              "parentUUID": "22deba95-7d8a-43e8-a3de-cf9501fb454f",
              "isHook": false,
              "skipped": false
            },
            {
              "title": "Delete a restaurant",
              "fullTitle": "Negative - Deleting an already deleted restaurant Delete a restaurant",
              "timedOut": false,
              "duration": 201,
              "state": "passed",
              "speed": "slow",
              "pass": true,
              "fail": false,
              "pending": false,
              "context": "[\n  \"DELETE /restaurants/691363e288925fbf6ee7ac44\",\n  {\n    \"title\": \"REQUEST HEADERS\",\n    \"value\": {\n      \"Content-Type\": \"application/json\",\n      \"Accept\": \"application/json\",\n      \"x-api-key\": \"759f583a-0cc8-4095-a0e5-7e579bb8041c\",\n      \"Authorization\": \"Bearer eyJhbGciOiJIUzI1NiIsInR5cCI6IkpXVCJ9.eyJpZCI6IjY5MTM2M2UxODg5MjVmYmY2ZWU3YWMzOSIsImlhdCI6MTc2Mjg3ODQzMywiZXhwIjoxNzYyODgyMDMzfQ.puXgCQ9W_YMCY38KsHqL5b3I0rujlG0o5dD4vUY9fMo\"\n    }\n  },\n  {\n    \"title\": \"RESPONSE HEADERS\",\n    \"value\": {\n      \"server\": \"nginx/1.29.1\",\n      \"date\": \"Tue, 11 Nov 2025 16:27:14 GMT\",\n      \"content-type\": \"application/json; charset=utf-8\",\n      \"content-length\": \"32\",\n      \"connection\": \"close\",\n      \"x-powered-by\": \"Express\",\n      \"etag\": \"W/\\\"20-Zn9EHkyUFgrGQsxNwuTqAb19HtY\\\"\",\n      \"x-frame-options\": \"SAMEORIGIN\",\n      \"x-content-type-options\": \"nosniff\"\n    }\n  },\n  {\n    \"title\": \"RESPONSE BODY\",\n    \"value\": {\n      \"message\": \"Restaurant removed\"\n    }\n  }\n]",
              "code": "await request(this, 'DELETE', `/restaurants/${global.executionVariables.restaurantId}`, undefined, true, \n    {\n        statusCode : 200,\n        expectedValues: [\n                            {path: 'message', value: \"Restaurant removed\"}   \n                        ]\n})",
              "err": {},
              "uuid": "3d100af6-7134-4b40-b381-33d0ef1996f1",
              "parentUUID": "22deba95-7d8a-43e8-a3de-cf9501fb454f",
              "isHook": false,
              "skipped": false
            },
            {
              "title": "Deleted same restaurant again",
              "fullTitle": "Negative - Deleting an already deleted restaurant Deleted same restaurant again",
              "timedOut": false,
              "duration": 172,
              "state": "passed",
              "speed": "slow",
              "pass": true,
              "fail": false,
              "pending": false,
              "context": "[\n  \"DELETE /restaurants/691363e288925fbf6ee7ac44\",\n  {\n    \"title\": \"REQUEST HEADERS\",\n    \"value\": {\n      \"Content-Type\": \"application/json\",\n      \"Accept\": \"application/json\",\n      \"x-api-key\": \"759f583a-0cc8-4095-a0e5-7e579bb8041c\",\n      \"Authorization\": \"Bearer eyJhbGciOiJIUzI1NiIsInR5cCI6IkpXVCJ9.eyJpZCI6IjY5MTM2M2UxODg5MjVmYmY2ZWU3YWMzOSIsImlhdCI6MTc2Mjg3ODQzMywiZXhwIjoxNzYyODgyMDMzfQ.puXgCQ9W_YMCY38KsHqL5b3I0rujlG0o5dD4vUY9fMo\"\n    }\n  },\n  {\n    \"title\": \"RESPONSE HEADERS\",\n    \"value\": {\n      \"server\": \"nginx/1.29.1\",\n      \"date\": \"Tue, 11 Nov 2025 16:27:14 GMT\",\n      \"content-type\": \"application/json; charset=utf-8\",\n      \"content-length\": \"36\",\n      \"connection\": \"close\",\n      \"x-powered-by\": \"Express\",\n      \"etag\": \"W/\\\"24-LrAoc+11uYUDvg1e7vUr6qFE1FU\\\"\",\n      \"x-frame-options\": \"SAMEORIGIN\",\n      \"x-content-type-options\": \"nosniff\"\n    }\n  },\n  {\n    \"title\": \"RESPONSE BODY\",\n    \"value\": {\n      \"message\": \"Cannot find restaurant\"\n    }\n  }\n]",
              "code": "await request(this, 'DELETE', `/restaurants/${global.executionVariables.restaurantId}`, undefined, true, \n    {\n        statusCode : 404,\n        expectedValues: [\n                            {path: 'message', value: 'Cannot find restaurant'}\n                        ]\n})",
              "err": {},
              "uuid": "53f0760c-42b0-4945-9fa4-329e0b6a38b2",
              "parentUUID": "22deba95-7d8a-43e8-a3de-cf9501fb454f",
              "isHook": false,
              "skipped": false
            }
          ],
          "suites": [],
          "passes": [
            "d9f104de-2ee1-44a8-ad48-1d4b366fc68d",
            "3d100af6-7134-4b40-b381-33d0ef1996f1",
            "53f0760c-42b0-4945-9fa4-329e0b6a38b2"
          ],
          "failures": [],
          "pending": [],
          "skipped": [],
          "duration": 529,
          "root": false,
          "rootEmpty": false,
          "_timeout": 20000
        },
        {
          "uuid": "1e1e18a7-443a-47df-a9d1-3938a2739684",
          "title": "Get All Restaurants",
          "fullFile": "/Users/mairisnikiforovs/Documents/TDLSCHOOL/INTERMEDIATE/REST_API_INTERMEDIATE_BASE-main/tests/scenarios/restaurant/restaurant.js",
          "file": "/tests/scenarios/restaurant/restaurant.js",
          "beforeHooks": [],
          "afterHooks": [],
          "tests": [
            {
              "title": "Create a new restaurant",
              "fullTitle": "Get All Restaurants Create a new restaurant",
              "timedOut": false,
              "duration": 138,
              "state": "passed",
              "speed": "slow",
              "pass": true,
              "fail": false,
              "pending": false,
              "context": "[\n  \"POST /restaurants\",\n  {\n    \"title\": \"REQUEST HEADERS\",\n    \"value\": {\n      \"Content-Type\": \"application/json\",\n      \"Accept\": \"application/json\",\n      \"x-api-key\": \"759f583a-0cc8-4095-a0e5-7e579bb8041c\",\n      \"Authorization\": \"Bearer eyJhbGciOiJIUzI1NiIsInR5cCI6IkpXVCJ9.eyJpZCI6IjY5MTM2M2UxODg5MjVmYmY2ZWU3YWMzOSIsImlhdCI6MTc2Mjg3ODQzMywiZXhwIjoxNzYyODgyMDMzfQ.puXgCQ9W_YMCY38KsHqL5b3I0rujlG0o5dD4vUY9fMo\"\n    }\n  },\n  {\n    \"title\": \"REQUEST BODY\",\n    \"value\": {\n      \"name\": \"spicy mahlab 1762878434888\",\n      \"description\": \"Grilled pigeon kebabs, marinated in Cantonese spices and served with a fresh squash and orange salad.\"\n    }\n  },\n  {\n    \"title\": \"RESPONSE HEADERS\",\n    \"value\": {\n      \"server\": \"nginx/1.29.1\",\n      \"date\": \"Tue, 11 Nov 2025 16:27:14 GMT\",\n      \"content-type\": \"application/json; charset=utf-8\",\n      \"content-length\": \"305\",\n      \"connection\": \"close\",\n      \"x-powered-by\": \"Express\",\n      \"etag\": \"W/\\\"131-hL5H+0ABunTe9Z2Nk4EltP7ANqY\\\"\",\n      \"x-frame-options\": \"SAMEORIGIN\",\n      \"x-content-type-options\": \"nosniff\"\n    }\n  },\n  {\n    \"title\": \"RESPONSE BODY\",\n    \"value\": {\n      \"name\": \"smoky snowpeas 1762878434749\",\n      \"description\": \"A succulent kangaroo steak, encased in a salty herbes de provence crust, served with a side of cassia mashed brussels sprouts.\",\n      \"user\": \"691363e188925fbf6ee7ac39\",\n      \"meals\": [],\n      \"_id\": \"691363e288925fbf6ee7ac49\",\n      \"created\": \"2025-11-11T16:27:14.988Z\",\n      \"__v\": 0\n    }\n  }\n]",
              "code": "const requestBody = await getCreateRestaurantRequestBody()\n    \nawait request(this, 'POST', '/restaurants', requestBody, true, \n    {\n        statusCode : 201,\n        expectedFields: ['user', 'meals', '_id', 'created'],\n        expectedValues: [\n                            {path: 'name', value: requestBody.name},\n                            {path: 'description', value: requestBody.description}\n                        ],\n        executionVariables: [\n                            {path: '_id', name: 'restaurantId'},\n                            {path: 'name', name: 'restaurantName'},\n                            {path: 'description', name: 'restaurantDescription'},\n                            {path: 'user', name: 'userId'}\n                        ],\n        expectedType:   [\n                            {path: 'user', type: 'string'},\n                            {path: 'meals', type: 'array'}\n                        ]\n})",
              "err": {},
              "uuid": "8aabd631-a877-44af-911c-46e54a1a4ce9",
              "parentUUID": "1e1e18a7-443a-47df-a9d1-3938a2739684",
              "isHook": false,
              "skipped": false
            },
            {
              "title": "Create a new restaurant",
              "fullTitle": "Get All Restaurants Create a new restaurant",
              "timedOut": false,
              "duration": 152,
              "state": "passed",
              "speed": "slow",
              "pass": true,
              "fail": false,
              "pending": false,
              "context": "[\n  \"POST /restaurants\",\n  {\n    \"title\": \"REQUEST HEADERS\",\n    \"value\": {\n      \"Content-Type\": \"application/json\",\n      \"Accept\": \"application/json\",\n      \"x-api-key\": \"759f583a-0cc8-4095-a0e5-7e579bb8041c\",\n      \"Authorization\": \"Bearer eyJhbGciOiJIUzI1NiIsInR5cCI6IkpXVCJ9.eyJpZCI6IjY5MTM2M2UxODg5MjVmYmY2ZWU3YWMzOSIsImlhdCI6MTc2Mjg3ODQzMywiZXhwIjoxNzYyODgyMDMzfQ.puXgCQ9W_YMCY38KsHqL5b3I0rujlG0o5dD4vUY9fMo\"\n    }\n  },\n  {\n    \"title\": \"REQUEST BODY\",\n    \"value\": {\n      \"name\": \"spicy mahlab 1762878434888\",\n      \"description\": \"Grilled pigeon kebabs, marinated in Cantonese spices and served with a fresh squash and orange salad.\"\n    }\n  },\n  {\n    \"title\": \"RESPONSE HEADERS\",\n    \"value\": {\n      \"server\": \"nginx/1.29.1\",\n      \"date\": \"Tue, 11 Nov 2025 16:27:15 GMT\",\n      \"content-type\": \"application/json; charset=utf-8\",\n      \"content-length\": \"278\",\n      \"connection\": \"close\",\n      \"x-powered-by\": \"Express\",\n      \"etag\": \"W/\\\"116-haeG0Ek/ybmKVSrKGXw6DEwyZ7g\\\"\",\n      \"x-frame-options\": \"SAMEORIGIN\",\n      \"x-content-type-options\": \"nosniff\"\n    }\n  },\n  {\n    \"title\": \"RESPONSE BODY\",\n    \"value\": {\n      \"name\": \"spicy mahlab 1762878434888\",\n      \"description\": \"Grilled pigeon kebabs, marinated in Cantonese spices and served with a fresh squash and orange salad.\",\n      \"user\": \"691363e188925fbf6ee7ac39\",\n      \"meals\": [],\n      \"_id\": \"691363e388925fbf6ee7ac4b\",\n      \"created\": \"2025-11-11T16:27:15.139Z\",\n      \"__v\": 0\n    }\n  }\n]",
              "code": "const requestBody = await getCreateRestaurantRequestBody()\n    \nawait request(this, 'POST', '/restaurants', requestBody, true, \n    {\n        statusCode : 201,\n        expectedFields: ['user', 'meals', '_id', 'created'],\n        expectedValues: [\n                            {path: 'name', value: requestBody.name},\n                            {path: 'description', value: requestBody.description}\n                        ],\n        executionVariables: [\n                            {path: '_id', name: 'restaurantId'},\n                            {path: 'name', name: 'restaurantName'},\n                            {path: 'description', name: 'restaurantDescription'},\n                            {path: 'user', name: 'userId'}\n                        ],\n        expectedType:   [\n                            {path: 'user', type: 'string'},\n                            {path: 'meals', type: 'array'}\n                        ]\n})",
              "err": {},
              "uuid": "605c063f-9aa0-47fa-a8d9-8767ce0a6c09",
              "parentUUID": "1e1e18a7-443a-47df-a9d1-3938a2739684",
              "isHook": false,
              "skipped": false
            },
            {
              "title": "Get a restaurants",
              "fullTitle": "Get All Restaurants Get a restaurants",
              "timedOut": false,
              "duration": 181,
              "state": "passed",
              "speed": "slow",
              "pass": true,
              "fail": false,
              "pending": false,
              "context": "[\n  \"GET /restaurants\",\n  {\n    \"title\": \"REQUEST HEADERS\",\n    \"value\": {\n      \"Content-Type\": \"application/json\",\n      \"Accept\": \"application/json\",\n      \"x-api-key\": \"759f583a-0cc8-4095-a0e5-7e579bb8041c\",\n      \"Authorization\": \"Bearer eyJhbGciOiJIUzI1NiIsInR5cCI6IkpXVCJ9.eyJpZCI6IjY5MTM2M2UxODg5MjVmYmY2ZWU3YWMzOSIsImlhdCI6MTc2Mjg3ODQzMywiZXhwIjoxNzYyODgyMDMzfQ.puXgCQ9W_YMCY38KsHqL5b3I0rujlG0o5dD4vUY9fMo\"\n    }\n  },\n  {\n    \"title\": \"RESPONSE HEADERS\",\n    \"value\": {\n      \"server\": \"nginx/1.29.1\",\n      \"date\": \"Tue, 11 Nov 2025 16:27:15 GMT\",\n      \"content-type\": \"application/json; charset=utf-8\",\n      \"content-length\": \"586\",\n      \"connection\": \"close\",\n      \"x-powered-by\": \"Express\",\n      \"etag\": \"W/\\\"24a-j63/xDJ3vpNsiD0UUQk02K2CeY8\\\"\",\n      \"x-frame-options\": \"SAMEORIGIN\",\n      \"x-content-type-options\": \"nosniff\"\n    }\n  },\n  {\n    \"title\": \"RESPONSE BODY\",\n    \"value\": [\n      {\n        \"_id\": \"691363e288925fbf6ee7ac49\",\n        \"name\": \"smoky snowpeas 1762878434749\",\n        \"description\": \"A succulent kangaroo steak, encased in a salty herbes de provence crust, served with a side of cassia mashed brussels sprouts.\",\n        \"user\": \"691363e188925fbf6ee7ac39\",\n        \"meals\": [],\n        \"created\": \"2025-11-11T16:27:14.988Z\",\n        \"__v\": 0\n      },\n      {\n        \"_id\": \"691363e388925fbf6ee7ac4b\",\n        \"name\": \"spicy mahlab 1762878434888\",\n        \"description\": \"Grilled pigeon kebabs, marinated in Cantonese spices and served with a fresh squash and orange salad.\",\n        \"user\": \"691363e188925fbf6ee7ac39\",\n        \"meals\": [],\n        \"created\": \"2025-11-11T16:27:15.139Z\",\n        \"__v\": 0\n      }\n    ]\n  }\n]",
              "code": "await request(this, 'GET', `/restaurants`, undefined, true, \n    {\n        statusCode : 200,\n        expectedValuesInArrayOfObjects: {\n            key: '_id',\n            value: global.executionVariables.restaurantId,\n            fields:  [\n                        {path: 'name', value: global.executionVariables.restaurantName}\n                     ]\n        }\n    })",
              "err": {},
              "uuid": "9054662e-0d05-4489-a799-f41dfabc7cd6",
              "parentUUID": "1e1e18a7-443a-47df-a9d1-3938a2739684",
              "isHook": false,
              "skipped": false
            }
          ],
          "suites": [],
          "passes": [
            "8aabd631-a877-44af-911c-46e54a1a4ce9",
            "605c063f-9aa0-47fa-a8d9-8767ce0a6c09",
            "9054662e-0d05-4489-a799-f41dfabc7cd6"
          ],
          "failures": [],
          "pending": [],
          "skipped": [],
          "duration": 471,
          "root": false,
          "rootEmpty": false,
          "_timeout": 20000
        }
      ],
      "passes": [
        "2ab86398-eb01-4dcc-bcaf-133cd2d7a7d3",
        "6493b1a9-59d6-4b21-ae27-7c4fefbb3907",
        "d872760e-b0b2-4c30-93c3-18c8d17c9d2e"
      ],
      "failures": [],
      "pending": [],
      "skipped": [
        "3921a3a7-2d3e-40e6-8154-bee77c555ae0"
      ],
      "duration": 626,
      "root": true,
      "rootEmpty": false,
      "_timeout": 20000
    }
  ],
  "meta": {
    "mocha": {
      "version": "10.8.2"
    },
    "mochawesome": {
      "options": {
        "quiet": false,
        "reportFilename": "restaurant_report",
        "saveHtml": true,
        "saveJson": true,
        "consoleReporter": "spec",
        "useInlineDiffs": false,
        "code": true
      },
      "version": "7.1.3"
    },
    "marge": {
      "options": {
        "reportDirectory": "reports",
        "reportFilename": "restaurant_report",
        "reportTitle": "Restaurant tests"
      },
      "version": "6.2.0"
    }
  }
}